Homepage was accessed at 2023-09-02 16:40:04.327427 hours!
Homepage was accessed at 2023-09-02 16:44:02.670670 hours!
Not Found: /favicon.ico
Homepage was accessed at 2023-09-02 16:46:12.390044 hours!
Homepage was accessed at 2023-09-02 16:47:25.014250 hours!
Homepage was accessed at 2023-09-02 16:47:55.928354 hours!
Homepage was accessed at 2023-09-02 16:48:13.254408 hours!
Homepage was accessed at 2023-09-02 16:48:43.012772 hours!
Homepage was accessed at 2023-09-02 16:52:31.172365 hours!
Watching for file changes with StatReloader
Homepage was accessed at 2023-09-02 16:56:32.689481 hours!
C:\Users\akand\OneDrive\Documents\ProjectApplication\projectapplication\settings.py changed, reloading.
Watching for file changes with StatReloader
Homepage was accessed at 2023-09-02 17:01:14.868073 hours!
Not Found: /favicon.ico
Homepage was accessed at 2023-09-02 17:01:35.061862 hours!
Not Found: /favicon.ico
C:\Users\akand\OneDrive\Documents\ProjectApplication\LoggingApp\views.py changed, reloading.
Watching for file changes with StatReloader
Homepage was accessed at 2023-09-02 17:02:04.487118 hours!
Not Found: /favicon.ico
Homepage was accessed at 2023-09-02 17:03:05.665303 hours!
Not Found: /favicon.ico
C:\Users\akand\OneDrive\Documents\ProjectApplication\LoggingApp\views.py changed, reloading.
Watching for file changes with StatReloader
C:\Users\akand\OneDrive\Documents\ProjectApplication\projectapplication\settings.py changed, reloading.
Homepage was accessed at 2023-09-02 17:04:13.669678 hours!
Homepage was accessed at 2023-09-02 17:05:05.865946 hours!
